<?xml version="1.0" encoding="UTF-8"?>
<!-- Generated by org.testng.reporters.JUnitReportReporter -->
<testsuite hostname="DESKTOP-S2085P6" failures="0" tests="5" name="org.loginModule.FilterPageTestClass" time="59.288" errors="0" timestamp="2024-12-10T10:07:45 IST" skipped="0">
  <testcase classname="org.loginModule.FilterPageTestClass" name="VerifyFilterDropDownOption" time="9.202">
    <system-out>
      <![CDATA[ Filterdropdown contains the correct value
Filter option are display]]>
    </system-out>
  </testcase> <!-- VerifyFilterDropDownOption -->
  <testcase classname="org.loginModule.FilterPageTestClass" name="VerifyApplyingAlphabeticalFilterNameAtoZ" time="15.155">
    <system-out>
      <![CDATA[products are sorted alphabetically(A to Z)]]>
    </system-out>
  </testcase> <!-- VerifyApplyingAlphabeticalFilterNameAtoZ -->
  <testcase classname="org.loginModule.FilterPageTestClass" name="VerifyApplyingAlphabeticalFilterNameZtoA" time="12.928">
    <system-out>
      <![CDATA[Product are sorted alphabetically Z TO A]]>
    </system-out>
  </testcase> <!-- VerifyApplyingAlphabeticalFilterNameZtoA -->
  <testcase classname="org.loginModule.FilterPageTestClass" name="verifySortingLowtoHighPrice" time="10.822">
    <system-out>
      <![CDATA[Products are sorted by price (Low to High)]]>
    </system-out>
  </testcase> <!-- verifySortingLowtoHighPrice -->
  <testcase classname="org.loginModule.FilterPageTestClass" name="verifySortingHighToLowPrice" time="11.181">
    <system-out>
      <![CDATA[product are sorted by price(High to Low)]]>
    </system-out>
  </testcase> <!-- verifySortingHighToLowPrice -->
  <system-out>
    <![CDATA[ Filterdropdown contains the correct value
Filter option are display
products are sorted alphabetically(A to Z)
Product are sorted alphabetically Z TO A
Products are sorted by price (Low to High)
product are sorted by price(High to Low)]]>
  </system-out>
</testsuite> <!-- org.loginModule.FilterPageTestClass -->
