<?xml version="1.0" encoding="UTF-8"?>
<!-- Generated by org.testng.reporters.JUnitReportReporter -->
<testsuite hostname="DESKTOP-S2085P6" failures="0" tests="6" name="org.loginModule.ShoppingCardPageTestClass" time="85.390" errors="0" timestamp="2024-12-06T16:17:10 IST" skipped="0">
  <testcase classname="org.loginModule.ShoppingCardPageTestClass" name="VerifyPageTitle" time="13.936">
    <system-out>
      <![CDATA[displayed Page Title]]>
    </system-out>
  </testcase> <!-- VerifyPageTitle -->
  <testcase classname="org.loginModule.ShoppingCardPageTestClass" name="VerifyUseraddmultipleProductToShoppingCard" time="16.496">
    <system-out>
      <![CDATA[The user is able to select multiple products successfully]]>
    </system-out>
  </testcase> <!-- VerifyUseraddmultipleProductToShoppingCard -->
  <testcase classname="org.loginModule.ShoppingCardPageTestClass" name="verifyMultipleProductSpecification" time="16.007">
    <system-out>
      <![CDATA[ Both Actrual and Expected Product name is match!
 Both Actrual and Expected Product price is match!]]>
    </system-out>
  </testcase> <!-- verifyMultipleProductSpecification -->
  <testcase classname="org.loginModule.ShoppingCardPageTestClass" name="VerifyUsersUpdateProductQuantitiesAfterRemoveProductsFromcart" time="21.418">
    <system-out>
      <![CDATA[Product was  removed successfully]]>
    </system-out>
  </testcase> <!-- VerifyUsersUpdateProductQuantitiesAfterRemoveProductsFromcart -->
  <testcase classname="org.loginModule.ShoppingCardPageTestClass" name="VerifyAfterClickingContinueShopingBtnUserRedirctToHomePage" time="9.157">
    <system-out>
      <![CDATA[User is redirected to the home page]]>
    </system-out>
  </testcase> <!-- VerifyAfterClickingContinueShopingBtnUserRedirctToHomePage -->
  <testcase classname="org.loginModule.ShoppingCardPageTestClass" name="VerifyAfterClickingCheckoutBtnUserRedirctToCheckOutPage" time="8.376">
    <system-out>
      <![CDATA[User is redirected to the CheckOutPage]]>
    </system-out>
  </testcase> <!-- VerifyAfterClickingCheckoutBtnUserRedirctToCheckOutPage -->
  <system-out>
    <![CDATA[displayed Page Title
The user is able to select multiple products successfully
 Both Actrual and Expected Product name is match!
 Both Actrual and Expected Product price is match!
Product was  removed successfully
User is redirected to the home page
User is redirected to the CheckOutPage]]>
  </system-out>
</testsuite> <!-- org.loginModule.ShoppingCardPageTestClass -->
